  Building GameAssembly.dll with MsvcWinRtToolChain
  	Msvc Install Version: 17.0
  	Msvc Install SDK Directory: C:\Program Files (x86)\Windows Kits\10
  	Msvc Linker Path: C:\Program Files\Microsoft Visual Studio\2022\Community\VC\Tools\MSVC\14.34.31933\bin\HostX64\ARM\link.exe
  	Msvc Compiler Path: C:\Program Files\Microsoft Visual Studio\2022\Community\VC\Tools\MSVC\14.34.31933\bin\HostX64\ARM\cl.exe
  
  	Output directory: C:\Users\DELL\Desktop\Target_prediction_MR\Build New 1\build\bin\ARM\Release
  	Cache directory: C:\Users\DELL\Desktop\Target_prediction_MR\Build New 1\build\obj\il2cppOutputProject\ARM\Release
  pch-c.c
  pch-cpp.cpp
  Unity.InputSystem.cpp
  UnityEngine.CoreModule1.cpp
  Unity.InputSystem4.cpp
  Microsoft.MixedReality.OpenXR.cpp
  Unity.InputSystem1.cpp
  Unity.TextMeshPro1.cpp
  mscorlib9.cpp
  Il2CppGenericClassTable.c
  mscorlib6.cpp
  Generics1.cpp
  Generics50.cpp
  mscorlib3.cpp
  mscorlib17.cpp
  Microsoft.MixedReality.Toolkit_Attr.cpp
  Generics14.cpp
  Unity.XR.WindowsMixedReality.cpp
  GenericMethods12.cpp
  Generics37.cpp
  Microsoft.MixedReality.Toolkit_CodeGen.c
  AzureSpatialAnchors.SDK.Core.Runtime.cpp
  Generics32.cpp
  Generics35.cpp
  Microsoft.MixedReality.Toolkit.Services.SceneSystem.cpp
  Microsoft.MixedReality.Toolkit.Providers.XRSDK.WindowsMixedReality.cpp
  System2.cpp
  Unity.InputSystem10.cpp
  WindowsRuntimeMetadata.cpp
  mscorlib20.cpp
  Microsoft.MixedReality.Toolkit.Providers.WindowsMixedReality.Shared.cpp
  Il2CppCCWs107.cpp
  Il2CppCCWs39.cpp
  Il2CppCCWs22.cpp
  Il2CppCCWs99.cpp
  Il2CppCCWs96.cpp
  UnityEngine.AndroidJNIModule.cpp
  Il2CppCCWs71.cpp
  Unity.TextMeshPro_CodeGen.c
  char-conversions.cpp
  I18N.Rare4.cpp
  Il2CppCCWs25.cpp
  Il2CppCCWs37.cpp
  UnityEngine.UI_Attr.cpp
  Il2CppCCWs100.cpp
  Il2CppCCWs40.cpp
  Il2CppCCWs1.cpp
  UnityEngine.TextCoreModule.cpp
  UnityEngine.PhysicsModule.cpp
  Il2CppCCWs75.cpp
  Microsoft.MixedReality.OpenXR_Attr.cpp
  I18N.MidEast.cpp
  UnityEngine.TerrainModule.cpp
  Il2CppCCWs105.cpp
  Unity.XR.WindowsMixedReality_Attr.cpp
  Il2CppCCWs77.cpp
  UnityEngine.TextRenderingModule.cpp
  Microsoft.MixedReality.Toolkit.Async.cpp
  System.Numerics.cpp
  Microsoft.MixedReality.Toolkit.Services.TeleportSystem.cpp
  Microsoft.MixedReality.Toolkit.Services.SpatialAwarenessSystem.cpp
  UnityEngine.SubsystemsModule.cpp
  Microsoft.MixedReality.Toolkit.Services.InputSimulation_Attr.cpp
  Microsoft.MixedReality.Toolkit.Extensions.HandPhysics.cpp
  Microsoft.MixedReality.Toolkit.Extensions.Tracking.cpp
  UnityEngine.PhysicsModule_Attr.cpp
  Microsoft.MixedReality.Toolkit.Providers.WindowsSceneUnderstanding.cpp
  UnityEngine.IMGUIModule_Attr.cpp
  UnityEngine.AnimationModule_Attr.cpp
  Unity.XR.OpenXR_CodeGen.c
  Unity.XR.ARSubsystems_Attr.cpp
  UnityEngine.SharedInternalsModule.cpp
  UnityEngine.XRModule_Attr.cpp
  Unity.XR.ARFoundation_Attr.cpp
  Il2CppCCWs42.cpp
  Microsoft.MixedReality.Toolkit.Services.InputSystem_CodeGen.c
  UnityEngine.ParticleSystemModule.cpp
  UnityEngine.Physics2DModule_Attr.cpp
  Microsoft.MixedReality.WorldLocking.Core_CodeGen.c
  Il2CppCCWs65.cpp
  Il2CppCCWs57.cpp
  UnityEngine.ParticleSystemModule_Attr.cpp
  UnityEngine.SharedInternalsModule_Attr.cpp
  UnityEngine.AudioModule_Attr.cpp
  Il2CppCCWs46.cpp
  Il2CppCCWs54.cpp
  Mono.Security.cpp
  Il2CppCCWs56.cpp
  Il2CppCCWs58.cpp
  WindowsRuntimeMetadata_CodeGen.c
  Microsoft.MixedReality.Unity.FrozenWorld.Engine.cpp
  UnityEngine.TextRenderingModule_Attr.cpp
  Il2CppCCWs49.cpp
  Il2CppCCWs50.cpp
  UnityEngine.VFXModule_Attr.cpp
  Il2CppCCWs64.cpp
  Il2CppCCWs60.cpp
  Microsoft.MixedReality.Toolkit.Services.InputSimulation_CodeGen.c
  Il2CppCCWs53.cpp
  Microsoft.MixedReality.Toolkit.Extensions.SceneTransitionService_Attr.cpp
  Microsoft.MixedReality.WorldLocking.Core_Attr.cpp
  UnityEngine.UIModule_Attr.cpp
  Il2CppCCWs63.cpp
  System_Attr.cpp
  Unity.XR.WindowsMixedReality_CodeGen.c
  AzureSpatialAnchors.SDK.Core.Runtime_Attr.cpp
  UnityEngine.TilemapModule_Attr.cpp
  Unity.XR.ARFoundation_CodeGen.c
  UnityEngine.SubsystemsModule_Attr.cpp
  Il2CppCCWs47.cpp
  Il2CppCCWs14.cpp
  Microsoft.MixedReality.Toolkit.Providers.WindowsSceneUnderstanding_Attr.cpp
  Il2CppCCWs15.cpp
  Il2CppCCWs8.cpp
  UnityEngine.TerrainModule_Attr.cpp
  Microsoft.MixedReality.Toolkit.Services.SceneSystem_Attr.cpp
  Microsoft.MixedReality.Toolkit.Providers.OpenXR_Attr.cpp
  UnityEngine.UnityAnalyticsModule.cpp
  Il2CppCCWs34.cpp
  Il2CppCCWs18.cpp
  Unity.XR.InteractionSubsystems.cpp
  Il2CppCCWs33.cpp
  Il2CppCCWs9.cpp
  UnityEngine.InputLegacyModule_Attr.cpp
  Microsoft.MixedReality.QR.DotNet_CodeGen.c
  UnityEngine.GridModule_Attr.cpp
  Il2CppCCWs20.cpp
  UnityEngine.TilemapModule.cpp
  UnityEngine.VFXModule.cpp
  UnityEngine.VRModule_Attr.cpp
  Il2CppCCWs13.cpp
  UnityEngine.InputModule_Attr.cpp
  UnityEngine.AIModule_Attr.cpp
  UnityEngine.ImageConversionModule_Attr.cpp
  UnityEngine.DirectorModule_Attr.cpp
  UnityEngine.SpriteShapeModule_Attr.cpp
  UnityEngine.JSONSerializeModule_Attr.cpp
  UnityEngine.VideoModule.cpp
  Il2CppCCWs5.cpp
  AzureSpatialAnchors.SDK.Windows.Runtime_CodeGen.c
  Il2CppCCWs11.cpp
  Il2CppCCWs6.cpp
  Il2CppCCWs17.cpp
  Il2CppGenericComDefinitions5.cpp
  Il2CppCCWs10.cpp
  Microsoft.MixedReality.Toolkit.Providers.XRSDK.WindowsMixedReality_Attr.cpp
  Il2CppCCWs19.cpp
  UnityEngine.AssetBundleModule_Attr.cpp
  System.Runtime.WindowsRuntime_CodeGen.c
  UnityEngine.ARModule_Attr.cpp
  Microsoft.MixedReality.QR.DotNet_Attr.cpp
  UnityEngine.UIElementsModule_Attr.cpp
  System.Runtime.WindowsRuntime_Attr.cpp
  deflate.c
  Unity.XR.Management_Attr.cpp
  AzureSpatialAnchors.SDK.Windows.Runtime_Attr.cpp
  Microsoft.MixedReality.Toolkit.Extensions.HandPhysics_Attr.cpp
  UnityEngine.InputModule.cpp
  Microsoft.MixedReality.Toolkit.Providers.XRSDK_Attr.cpp
  Microsoft.MixedReality.WorldLocking.Engine_CodeGen.c
  Microsoft.MixedReality.Toolkit.Async_Attr.cpp
  I18N.Rare_CodeGen.c
  AzureSpatialAnchors.SDK.Core.Runtime_CodeGen.c
  Microsoft.MixedReality.Toolkit.Providers.WindowsVoiceInput_Attr.cpp
  UnityEngine.XRModule_CodeGen.c
  Microsoft.MixedReality.Toolkit.Services.DiagnosticsSystem_Attr.cpp
  Microsoft.MixedReality.Toolkit.Services.SceneSystem_CodeGen.c
  UnityEngine.IMGUIModule_CodeGen.c
  UnityEngine.AndroidJNIModule_CodeGen.c
  System.Xml_Attr.cpp
  QRCodeSample_Attr.cpp
  System.Configuration_Attr.cpp
  UnityEngine.JSONSerializeModule.cpp
  System.Configuration.cpp
  Microsoft.MixedReality.Toolkit.Gltf_CodeGen.c
  inflate.c
  UnityEngine.PhysicsModule_CodeGen.c
  Microsoft.MixedReality.WorldLocking.Engine_Attr.cpp
  System.Core_CodeGen.c
  Microsoft.MixedReality.WorldLocking.Tools_CodeGen.c
  Microsoft.MixedReality.Toolkit.Providers.OpenXR_CodeGen.c
  Microsoft.MixedReality.WorldLocking.Tools_Attr.cpp
  Microsoft.MixedReality.Toolkit.Extensions.SceneTransitionService_CodeGen.c
  trees.c
  UnityEngine.TextCoreModule_CodeGen.c
  UnityEngine.UnityWebRequestModule_CodeGen.c
  UnityEngine.AssetBundleModule.cpp
  Unity.Subsystem.Registration.cpp
  System.Numerics.Vectors_Attr.cpp
  Microsoft.MixedReality.Toolkit.Services.DiagnosticsSystem_CodeGen.c
  Microsoft.MixedReality.Toolkit.Providers.WindowsMixedReality.Shared_CodeGen.c
  UnityEngine.AnimationModule_CodeGen.c
  Microsoft.MixedReality.WorldLocking.Examples_Attr.cpp
  Il2CppGenericComDefinitions131.cpp
  System.Core.cpp
  UnityEngine.SpatialTracking_Attr.cpp
  UnityEngine.UIModule_CodeGen.c
  xamarin_getifaddrs.c
  Unity.XR.OpenXR.Features.MockRuntime_Attr.cpp
  Microsoft.MixedReality.Toolkit.Providers.WindowsSceneUnderstanding_CodeGen.c
  UnityEngine.ARModule.cpp
  UnityEngine.SubsystemsModule_CodeGen.c
  I18N_CodeGen.c
  System.Runtime.InteropServices.WindowsRuntime_Attr.cpp
  System.Runtime.WindowsRuntime.UI.Xaml.cpp
  System.Collections_Attr.cpp
  System.Threading.Tasks_Attr.cpp
  System.ObjectModel_Attr.cpp
  System.Threading_Attr.cpp
  UnityEngine.ParticleSystemModule_CodeGen.c
  Microsoft.MixedReality.Toolkit.Providers.XRSDK_CodeGen.c
  UnityEngine.VRModule.cpp
  I18N.West_CodeGen.c
  Microsoft.MixedReality.Toolkit.Providers.WindowsVoiceInput_CodeGen.c
  Il2CppReversePInvokeWrapperTable.cpp
  UnityEngine.AIModule.cpp
  il2cpp-api.cpp
  infback.c
  WindowsRuntimeMetadata_Attr.cpp
  Microsoft.MixedReality.Toolkit.Async_CodeGen.c
  Unity.XR.Management_CodeGen.c
  I18N.Other_CodeGen.c
  UnityEngine.AudioModule_CodeGen.c
  UnityEngine.TextRenderingModule_CodeGen.c
  UnityEngine.Physics2DModule_CodeGen.c
  Microsoft.MixedReality.Unity.FrozenWorld.Engine_CodeGen.c
  gzread.c
  QRCodeSample_CodeGen.c
  I18N_Attr.cpp
  UnityEngine.SharedInternalsModule_CodeGen.c
  Microsoft.MixedReality.Toolkit.Services.TeleportSystem_Attr.cpp
  Il2CppCodeRegistration.cpp
  System.Runtime.WindowsRuntime.UI.Xaml_Attr.cpp
  Unity.XR.InteractionSubsystems_Attr.cpp
  Unity.XR.OpenXR.Features.MockRuntime_CodeGen.c
  Unity.XR.InteractionSubsystems_CodeGen.c
  gzlib.c
  Microsoft.MixedReality.Toolkit.Extensions.HandPhysics_CodeGen.c
  UnityEngine.TerrainModule_CodeGen.c
  UnityEngine.InputLegacyModule_CodeGen.c
  I18N.MidEast_Attr.cpp
  I18N.Other_Attr.cpp
  crc32.c
  I18N.Rare_Attr.cpp
  System.Numerics_CodeGen.c
  I18N.CJK_Attr.cpp
  Unity.XR.OpenXR.Features.OculusQuestSupport.cpp
  UnityEngine.SpatialTracking_CodeGen.c
  inftrees.c
  I18N.MidEast_CodeGen.c
  UnityEngine.UIElementsModule.cpp
  Microsoft.MixedReality.Toolkit.Extensions.Tracking_CodeGen.c
  Microsoft.MixedReality.Unity.FrozenWorld.Engine_Attr.cpp
  Unity.XR.OpenXR.Features.OculusQuestSupport_Attr.cpp
  Unity.XR.OpenXR.Features.RuntimeDebugger_Attr.cpp
  Unity.XR.OpenXR.Features.ConformanceAutomation_Attr.cpp
  UnityEngine.TilemapModule_CodeGen.c
  Unity.Subsystem.Registration_Attr.cpp
  UnityEngine.VideoModule_CodeGen.c
  UnityEngine.ImageConversionModule.cpp
  Microsoft.MixedReality.Toolkit.Services.TeleportSystem_CodeGen.c
  Unity.XR.OpenXR.Features.ConformanceAutomation_CodeGen.c
  UnityEngine.UnityAnalyticsModule_CodeGen.c
  UnityEngine.UIElementsNativeModule_CodeGen.c
  zutil.c
  System.Configuration_CodeGen.c
  System.Xml.cpp
  Unity.XR.OpenXR.Features.RuntimeDebugger_CodeGen.c
  UnityEngine.SpriteShapeModule.cpp
  UnityEngine.JSONSerializeModule_CodeGen.c
  System.Runtime.WindowsRuntime.UI.Xaml_CodeGen.c
  UnityAdsStubs.cpp
  UnityEngine.VRModule_CodeGen.c
  UnityEngine.ImageConversionModule_CodeGen.c
  Unity.Subsystem.Registration_CodeGen.c
  UnityEngine.GridModule_CodeGen.c
  System.Reflection.cpp
  System.Collections.cpp
  System.Threading.Tasks.cpp
  UnityEngine.cpp
  il2cpp-benchmark-support.cpp
  System.Numerics.Vectors_CodeGen.c
  System.ObjectModel_CodeGen.c
  UnityEngine_CodeGen.c
  Il2CppGenericComDefinitions.cpp
  Lump_libil2cpp_vm-utils.cpp
  Il2CppGenericComDefinitions100.cpp
  Il2CppGenericComDefinitions101.cpp
  Il2CppGenericComDefinitions102.cpp
  Il2CppGenericComDefinitions103.cpp
  Il2CppGenericComDefinitions107.cpp
  Il2CppGenericComDefinitions106.cpp
  Il2CppGenericComDefinitions108.cpp
  Il2CppGenericComDefinitions114.cpp
  Il2CppGenericComDefinitions113.cpp
  Lump_libil2cpp_gc.cpp
  Il2CppGenericComDefinitions111.cpp
  Il2CppGenericComDefinitions115.cpp
  Il2CppGenericComDefinitions117.cpp
  Il2CppGenericComDefinitions116.cpp
  Il2CppGenericComDefinitions118.cpp
  Il2CppGenericComDefinitions120.cpp
  Il2CppGenericComDefinitions121.cpp
  Il2CppGenericComDefinitions125.cpp
  Il2CppGenericComDefinitions127.cpp
  Il2CppGenericComDefinitions128.cpp
  Il2CppGenericComDefinitions130.cpp
  Il2CppGenericComDefinitions133.cpp
  Il2CppGenericComDefinitions135.cpp
  Il2CppGenericComDefinitions137.cpp
  Il2CppGenericComDefinitions17.cpp
  Il2CppGenericComDefinitions2.cpp
  Il2CppGenericComDefinitions20.cpp
  Il2CppGenericComDefinitions26.cpp
  Il2CppGenericComDefinitions27.cpp
  Il2CppGenericComDefinitions3.cpp
  Il2CppGenericComDefinitions31.cpp
  Il2CppGenericComDefinitions32.cpp
  Il2CppGenericComDefinitions36.cpp
  Il2CppGenericComDefinitions37.cpp
  Il2CppGenericComDefinitions42.cpp
  Il2CppGenericComDefinitions41.cpp
  Il2CppGenericComDefinitions44.cpp
  Il2CppGenericComDefinitions47.cpp
  Il2CppGenericComDefinitions48.cpp
  Il2CppGenericComDefinitions49.cpp
  Il2CppGenericComDefinitions50.cpp
  Il2CppGenericComDefinitions53.cpp
  Il2CppGenericComDefinitions54.cpp
  Il2CppGenericComDefinitions56.cpp
  Il2CppGenericComDefinitions59.cpp
  Il2CppGenericComDefinitions58.cpp
  Il2CppGenericComDefinitions6.cpp
  Il2CppGenericComDefinitions60.cpp
  Il2CppGenericComDefinitions61.cpp
  Il2CppGenericComDefinitions62.cpp
  Il2CppGenericComDefinitions63.cpp
  Il2CppGenericComDefinitions65.cpp
  Il2CppGenericComDefinitions64.cpp
  Il2CppGenericComDefinitions68.cpp
  Il2CppGenericComDefinitions67.cpp
  Il2CppGenericComDefinitions66.cpp
  Il2CppGenericComDefinitions69.cpp
  Il2CppGenericComDefinitions70.cpp
  Il2CppGenericComDefinitions72.cpp
  Il2CppGenericComDefinitions71.cpp
  Il2CppGenericComDefinitions73.cpp
  Il2CppGenericComDefinitions76.cpp
  Il2CppGenericComDefinitions78.cpp
  Il2CppGenericComDefinitions77.cpp
  Il2CppGenericComDefinitions79.cpp
  Il2CppGenericComDefinitions8.cpp
  Il2CppGenericComDefinitions80.cpp
  Il2CppGenericComDefinitions82.cpp
  Il2CppGenericComDefinitions83.cpp
  Il2CppGenericComDefinitions84.cpp
  Il2CppGenericComDefinitions85.cpp
  Il2CppGenericComDefinitions86.cpp
  Il2CppGenericComDefinitions88.cpp
  Il2CppGenericComDefinitions89.cpp
  Il2CppGenericComDefinitions91.cpp
  Il2CppGenericComDefinitions93.cpp
  Il2CppGenericComDefinitions96.cpp
  Il2CppGenericComDefinitions98.cpp
  Il2CppGenericComDefinitions99.cpp
  Lump_libil2cpp_debugger.cpp
  il2cpp-runtime-stats.cpp
  Lump_libil2cpp_vm.cpp
EXEC : error : System.ComponentModel.Win32Exception (1455): The paging file is too small for this operation to complete.
     at System.Diagnostics.Process.StartWithCreateProcess(ProcessStartInfo startInfo)
     at Unity.IL2CPP.Shell.SetupAndStart(ExecuteContext context, Boolean asyncMode)
     at Unity.IL2CPP.Shell.ExecuteAsync(ExecuteArgs executeArgs, IExecuteController controller, Boolean asyncMode)
     at Unity.IL2CPP.Shell.Execute(ExecuteArgs executeArgs, IExecuteController controller)
     at Unity.IL2CPP.Building.CppProgramBuilder.ProvideObjectFile(IntermediateObjectFileCompilationData data)
     at Unity.IL2CPP.Building.ParallelFor.<>c__DisplayClass1_0`2.<RunWithResult>b__0(Object o)
C:\Program Files\Microsoft Visual Studio\2022\Community\MSBuild\Microsoft\VC\v170\Microsoft.MakeFile.Targets(45,5): error MSB3073: The command ""C:\Users\DELL\Desktop\Target_prediction_MR\Build New 1\Il2CppOutputProject\\IL2CPP\build\deploy\netcoreapp3.1\il2cpp.exe" --libil2cpp-static --compile-cpp -architecture=ARMv7 -configuration=Release -platform=winrt -outputpath="C:\Users\DELL\Desktop\Target_prediction_MR\Build New 1\\build\bin\ARM\Release\GameAssembly.dll" --data-folder="C:\Users\DELL\Desktop\Target_prediction_MR\Build New 1\\build\bin\ARM\Release\\" -cachedirectory="C:\Users\DELL\Desktop\Target_prediction_MR\Build New 1\\build\obj\il2cppOutputProject\ARM\Release\\" -generatedcppdir="C:\Users\DELL\Desktop\Target_prediction_MR\Build New 1\Il2CppOutputProject\\Source"  --incremental-g-c-time-slice=3 --baselib-directory="C:\Program Files\Unity\Editor\Data\PlaybackEngines\MetroSupport\Players\UAP\il2cpp\ARM\Release" --avoid-dynamic-library-copy --profiler-report --additional-defines=WINDOWS_UWP --additional-defines=UNITY_UWP --additional-defines=UNITY_WSA_10_0 --additional-defines=UNITY_WSA --additional-defines=UNITY_WINRT --additional-defines=PLATFORM_WINRT -dotnetprofile=unityaot -verbose --relative-data-path=Data/il2cpp_data --map-file-parser="C:\Users\DELL\Desktop\Target_prediction_MR\Build New 1\Il2CppOutputProject\\IL2CPP\MapFileParser\MapFileParser.exe"" exited with code -1.
